<?xml version="1.0" encoding="UTF-8"?>
<testng-results skipped="0" failed="0" total="0" passed="0">
  <reporter-output>
  </reporter-output>
  <suite name="com.born.util.TestReportUtil" duration-ms="9" started-at="2017-12-22T11:19:00Z" finished-at="2017-12-22T11:19:00Z">
    <groups>
    </groups>
    <test name="Command line test" duration-ms="9" started-at="2017-12-22T11:19:00Z" finished-at="2017-12-22T11:19:00Z">
    </test> <!-- Command line test -->
  </suite> <!-- com.born.util.TestReportUtil -->
</testng-results>
